# JRE version: Java(TM) SE Runtime Environment (17.0.9+11) (build 17.0.9+11-LTS-201)
# Java VM: Java HotSpot(TM) 64-Bit Server VM (17.0.9+11-LTS-201, mixed mode, sharing, tiered, compressed oops, compressed class ptrs, g1 gc, windows-amd64)
GC Precious Log:
 CPUs: 4 total, 4 available
 Memory: 3961M
 Large Page Support: Disabled
 NUMA Support: Disabled
 Compressed Oops: Enabled (Zero based)
 Heap Region Size: 2M
 Heap Min Capacity: 8M
 Heap Initial Capacity: 62M
 Heap Max Capacity: 4G
 Pre-touch: Disabled
 Parallel Workers: 4
 Concurrent Workers: 1
 Concurrent Refinement Workers: 4
 Periodic GC: Disabled
Heap:
 garbage-first heap   total 198656K, used 121652K [0x0000000700000000, 0x0000000800000000)
  region size 2048K, 3 young (6144K), 3 survivors (6144K)
 Metaspace       used 90627K, committed 91584K, reserved 1179648K
  class space    used 12684K, committed 13120K, reserved 1048576K
GC Heap History (20 events):
Event: 155.531 GC heap after
{Heap after GC invocations=54 (full 0):
 garbage-first heap   total 143360K, used 84116K [0x0000000700000000, 0x0000000800000000)
  region size 2048K, 3 young (6144K), 3 survivors (6144K)
 Metaspace       used 77075K, committed 77824K, reserved 1179648K
  class space    used 10827K, committed 11136K, reserved 1048576K
}
Event: 158.296 GC heap before
{Heap before GC invocations=55 (full 0):
 garbage-first heap   total 153600K, used 116884K [0x0000000700000000, 0x0000000800000000)
  region size 2048K, 19 young (38912K), 3 survivors (6144K)
 Metaspace       used 78104K, committed 78848K, reserved 1179648K
  class space    used 10970K, committed 11328K, reserved 1048576K
}
Event: 158.321 GC heap after
{Heap after GC invocations=56 (full 0):
 garbage-first heap   total 153600K, used 88013K [0x0000000700000000, 0x0000000800000000)
  region size 2048K, 3 young (6144K), 3 survivors (6144K)
 Metaspace       used 78104K, committed 78848K, reserved 1179648K
  class space    used 10970K, committed 11328K, reserved 1048576K
}
Event: 170.463 GC heap before
{Heap before GC invocations=56 (full 0):
 garbage-first heap   total 153600K, used 122829K [0x0000000700000000, 0x0000000800000000)
  region size 2048K, 21 young (43008K), 3 survivors (6144K)
 Metaspace       used 79045K, committed 79808K, reserved 1179648K
  class space    used 11089K, committed 11456K, reserved 1048576K
}
Event: 170.552 GC heap after
{Heap after GC invocations=57 (full 0):
 garbage-first heap   total 153600K, used 96117K [0x0000000700000000, 0x0000000800000000)
  region size 2048K, 3 young (6144K), 3 survivors (6144K)
 Metaspace       used 79045K, committed 79808K, reserved 1179648K
  class space    used 11089K, committed 11456K, reserved 1048576K
}
Event: 179.538 GC heap before
{Heap before GC invocations=58 (full 0):
 garbage-first heap   total 163840K, used 120693K [0x0000000700000000, 0x0000000800000000)
  region size 2048K, 16 young (32768K), 3 survivors (6144K)
 Metaspace       used 80151K, committed 80960K, reserved 1179648K
  class space    used 11269K, committed 11648K, reserved 1048576K
}
Event: 179.563 GC heap after
{Heap after GC invocations=59 (full 0):
 garbage-first heap   total 163840K, used 100908K [0x0000000700000000, 0x0000000800000000)
  region size 2048K, 2 young (4096K), 2 survivors (4096K)
 Metaspace       used 80151K, committed 80960K, reserved 1179648K
  class space    used 11269K, committed 11648K, reserved 1048576K
}
Event: 182.236 GC heap before
{Heap before GC invocations=59 (full 0):
 garbage-first heap   total 163840K, used 131628K [0x0000000700000000, 0x0000000800000000)
  region size 2048K, 17 young (34816K), 2 survivors (4096K)
 Metaspace       used 81516K, committed 82304K, reserved 1179648K
  class space    used 11440K, committed 11776K, reserved 1048576K
}
Event: 182.264 GC heap after
{Heap after GC invocations=60 (full 0):
 garbage-first heap   total 163840K, used 105961K [0x0000000700000000, 0x0000000800000000)
  region size 2048K, 3 young (6144K), 3 survivors (6144K)
 Metaspace       used 81516K, committed 82304K, reserved 1179648K
  class space    used 11440K, committed 11776K, reserved 1048576K
}
Event: 184.356 GC heap before
{Heap before GC invocations=61 (full 0):
 garbage-first heap   total 192512K, used 128489K [0x0000000700000000, 0x0000000800000000)
  region size 2048K, 14 young (28672K), 3 survivors (6144K)
 Metaspace       used 82750K, committed 83584K, reserved 1179648K
  class space    used 11617K, committed 11968K, reserved 1048576K
}
Event: 184.382 GC heap after
{Heap after GC invocations=62 (full 0):
 garbage-first heap   total 192512K, used 108721K [0x0000000700000000, 0x0000000800000000)
  region size 2048K, 2 young (4096K), 2 survivors (4096K)
 Metaspace       used 82750K, committed 83584K, reserved 1179648K
  class space    used 11617K, committed 11968K, reserved 1048576K
}
Event: 185.051 GC heap before
{Heap before GC invocations=62 (full 0):
 garbage-first heap   total 192512K, used 112817K [0x0000000700000000, 0x0000000800000000)
  region size 2048K, 4 young (8192K), 2 survivors (4096K)
 Metaspace       used 82944K, committed 83840K, reserved 1179648K
  class space    used 11637K, committed 12032K, reserved 1048576K
}
Event: 185.068 GC heap after
{Heap after GC invocations=63 (full 0):
 garbage-first heap   total 192512K, used 108386K [0x0000000700000000, 0x0000000800000000)
  region size 2048K, 1 young (2048K), 1 survivors (2048K)
 Metaspace       used 82944K, committed 83840K, reserved 1179648K
  class space    used 11637K, committed 12032K, reserved 1048576K
}
Event: 189.922 GC heap before
{Heap before GC invocations=63 (full 0):
 garbage-first heap   total 192512K, used 153442K [0x0000000700000000, 0x0000000800000000)
  region size 2048K, 23 young (47104K), 1 survivors (2048K)
 Metaspace       used 87984K, committed 88896K, reserved 1179648K
  class space    used 12318K, committed 12736K, reserved 1048576K
}
Event: 189.949 GC heap after
{Heap after GC invocations=64 (full 0):
 garbage-first heap   total 192512K, used 112941K [0x0000000700000000, 0x0000000800000000)
  region size 2048K, 3 young (6144K), 3 survivors (6144K)
 Metaspace       used 87984K, committed 88896K, reserved 1179648K
  class space    used 12318K, committed 12736K, reserved 1048576K
}
Event: 193.035 GC heap before
{Heap before GC invocations=65 (full 0):
 garbage-first heap   total 198656K, used 151853K [0x0000000700000000, 0x0000000800000000)
  region size 2048K, 22 young (45056K), 3 survivors (6144K)
 Metaspace       used 89364K, committed 90304K, reserved 1179648K
  class space    used 12504K, committed 12928K, reserved 1048576K
}
Event: 193.153 GC heap after
{Heap after GC invocations=66 (full 0):
 garbage-first heap   total 198656K, used 118582K [0x0000000700000000, 0x0000000800000000)
  region size 2048K, 3 young (6144K), 3 survivors (6144K)
 Metaspace       used 89364K, committed 90304K, reserved 1179648K
  class space    used 12504K, committed 12928K, reserved 1048576K
}
Event: 193.403 GC heap before
{Heap before GC invocations=66 (full 0):
 garbage-first heap   total 198656K, used 120630K [0x0000000700000000, 0x0000000800000000)
  region size 2048K, 4 young (8192K), 3 survivors (6144K)
 Metaspace       used 89426K, committed 90304K, reserved 1179648K
  class space    used 12515K, committed 12928K, reserved 1048576K
}
Event: 193.443 GC heap after
{Heap after GC invocations=67 (full 0):
 garbage-first heap   total 198656K, used 118340K [0x0000000700000000, 0x0000000800000000)
  region size 2048K, 1 young (2048K), 1 survivors (2048K)
 Metaspace       used 89426K, committed 90304K, reserved 1179648K
  class space    used 12515K, committed 12928K, reserved 1048576K
}
Event: 212.052 GC heap before
{Heap before GC invocations=67 (full 0):
 garbage-first heap   total 198656K, used 155204K [0x0000000700000000, 0x0000000800000000)
  region size 2048K, 20 young (40960K), 1 survivors (2048K)
 Metaspace       used 90627K, committed 91584K, reserved 1179648K
  class space    used 12684K, committed 13120K, reserved 1048576K
}

